<?xml version="1.0" encoding="UTF-8"?>
<testsuite name="org.camille.Test.ClientDAOTests" tests="5" skipped="0" failures="0" errors="0" timestamp="2020-06-05T07:12:03" hostname="PC-CAM-TLS" time="0.8">
  <properties/>
  <testcase name="delete" classname="org.camille.Test.ClientDAOTests" time="0.721"/>
  <testcase name="insert" classname="org.camille.Test.ClientDAOTests" time="0.014"/>
  <testcase name="update" classname="org.camille.Test.ClientDAOTests" time="0.025"/>
  <testcase name="find" classname="org.camille.Test.ClientDAOTests" time="0.026"/>
  <testcase name="list" classname="org.camille.Test.ClientDAOTests" time="0.008"/>
  <system-out><![CDATA[]]></system-out>
  <system-err><![CDATA[]]></system-err>
</testsuite>
